[debug] [2023-12-06T22:08:35.343Z] ----------------------------------------------------------------------
[debug] [2023-12-06T22:08:35.346Z] Command:       /usr/local/Cellar/node/21.3.0/bin/node /usr/local/bin/firebase projects:list
[debug] [2023-12-06T22:08:35.346Z] CLI Version:   11.19.0
[debug] [2023-12-06T22:08:35.346Z] Platform:      darwin
[debug] [2023-12-06T22:08:35.346Z] Node Version:  v21.3.0
[debug] [2023-12-06T22:08:35.346Z] Time:          Thu Dec 07 2023 03:38:35 GMT+0530 (India Standard Time)
[debug] [2023-12-06T22:08:35.347Z] ----------------------------------------------------------------------
[debug] 
[debug] [2023-12-06T22:08:35.351Z] > command requires scopes: ["email","openid","https://www.googleapis.com/auth/cloudplatformprojects.readonly","https://www.googleapis.com/auth/firebase","https://www.googleapis.com/auth/cloud-platform"]
[debug] [2023-12-06T22:08:35.352Z] > authorizing via signed-in user (tushar.chinu82@gmail.com)
[debug] [2023-12-06T22:08:35.355Z] > refreshing access token with scopes: []
[debug] [2023-12-06T22:08:35.356Z] >>> [apiv2][query] POST https://www.googleapis.com/oauth2/v3/token [none]
[debug] [2023-12-06T22:08:35.356Z] >>> [apiv2][body] POST https://www.googleapis.com/oauth2/v3/token [omitted]
[debug] [2023-12-06T22:08:35.601Z] <<< [apiv2][status] POST https://www.googleapis.com/oauth2/v3/token 400
[debug] [2023-12-06T22:08:35.601Z] <<< [apiv2][body] POST https://www.googleapis.com/oauth2/v3/token [omitted]
[debug] [2023-12-06T22:08:35.602Z] >>> [apiv2][query] GET https://firebase.googleapis.com/v1beta1/projects pageSize=1000
[debug] [2023-12-06T22:08:36.092Z] <<< [apiv2][status] GET https://firebase.googleapis.com/v1beta1/projects 401
[debug] [2023-12-06T22:08:36.092Z] <<< [apiv2][body] GET https://firebase.googleapis.com/v1beta1/projects [omitted]
[debug] [2023-12-06T22:08:36.093Z] HTTP Error: 401, Request had invalid authentication credentials. Expected OAuth 2 access token, login cookie or other valid authentication credential. See https://developers.google.com/identity/sign-in/web/devconsole-project.
[debug] [2023-12-06T22:08:36.566Z] FirebaseError: HTTP Error: 401, Request had invalid authentication credentials. Expected OAuth 2 access token, login cookie or other valid authentication credential. See https://developers.google.com/identity/sign-in/web/devconsole-project.
    at responseToError (/usr/local/lib/node_modules/firebase-tools/lib/responseToError.js:49:12)
    at RetryOperation._fn (/usr/local/lib/node_modules/firebase-tools/lib/apiv2.js:288:77)
    at process.processTicksAndRejections (node:internal/process/task_queues:95:5)
[error] 
[error] Error: Failed to list Firebase projects. See firebase-debug.log for more info.
